Copyright 1986-2022 Xilinx, Inc. All Rights Reserved. Copyright 2022-2023 Advanced Micro Devices, Inc. All Rights Reserved.
---------------------------------------------------------------------------------------------------------------------------------------------
| Tool Version : Vivado v.2023.1.1 (win64) Build 3900603 Fri Jun 16 19:31:24 MDT 2023
| Date         : Sun Dec  3 02:05:07 2023
| Host         : DESKTOP-BG4TAG2 running 64-bit major release  (build 9200)
| Command      : report_control_sets -verbose -file top_control_sets_placed.rpt
| Design       : top
| Device       : xc7a75t
---------------------------------------------------------------------------------------------------------------------------------------------

Control Set Information

Table of Contents
-----------------
1. Summary
2. Histogram
3. Flip-Flop Distribution
4. Detailed Control Set Information

1. Summary
----------

+----------------------------------------------------------+-------+
|                          Status                          | Count |
+----------------------------------------------------------+-------+
| Total control sets                                       |    32 |
|    Minimum number of control sets                        |    32 |
|    Addition due to synthesis replication                 |     0 |
|    Addition due to physical synthesis replication        |     0 |
| Unused register locations in slices containing registers |   120 |
+----------------------------------------------------------+-------+
* Control sets can be merged at opt_design using control_set_merge or merge_equivalent_drivers
** Run report_qor_suggestions for automated merging and remapping suggestions


2. Histogram
------------

+--------------------+-------+
|       Fanout       | Count |
+--------------------+-------+
| Total control sets |    32 |
| >= 0 to < 4        |     5 |
| >= 4 to < 6        |     7 |
| >= 6 to < 8        |     3 |
| >= 8 to < 10       |     0 |
| >= 10 to < 12      |     2 |
| >= 12 to < 14      |     3 |
| >= 14 to < 16      |     1 |
| >= 16              |    11 |
+--------------------+-------+
* Control sets can be remapped at either synth_design or opt_design


3. Flip-Flop Distribution
-------------------------

+--------------+-----------------------+------------------------+-----------------+--------------+
| Clock Enable | Synchronous Set/Reset | Asynchronous Set/Reset | Total Registers | Total Slices |
+--------------+-----------------------+------------------------+-----------------+--------------+
| No           | No                    | No                     |              14 |           11 |
| No           | No                    | Yes                    |              20 |            5 |
| No           | Yes                   | No                     |              90 |           31 |
| Yes          | No                    | No                     |             397 |           99 |
| Yes          | No                    | Yes                    |              31 |           10 |
| Yes          | Yes                   | No                     |             200 |           69 |
+--------------+-----------------------+------------------------+-----------------+--------------+


4. Detailed Control Set Information
-----------------------------------

+-------------------------------+-----------------------------------------------+----------------------------------------------------------------------------------------+------------------+----------------+--------------+
|          Clock Signal         |                 Enable Signal                 |                                    Set/Reset Signal                                    | Slice Load Count | Bel Load Count | Bels / Slice |
+-------------------------------+-----------------------------------------------+----------------------------------------------------------------------------------------+------------------+----------------+--------------+
|  nolabel_line57/inst/clk_out1 |                                               | nolabel_line90/game_status_reg[0]_0[0]                                                 |                1 |              1 |         1.00 |
|  nolabel_line57/inst/clk_out1 |                                               | nolabel_line90/game_status_reg[0]_0[2]                                                 |                1 |              1 |         1.00 |
|  nolabel_line57/inst/clk_out1 |                                               | nolabel_line59/nolabel_line47/SR[1]                                                    |                1 |              2 |         2.00 |
|  nolabel_line57/inst/clk_out1 |                                               |                                                                                        |                3 |              3 |         1.00 |
|  nolabel_line57/inst/clk_out1 |                                               | nolabel_line90/game_status_reg[0]_0[1]                                                 |                3 |              3 |         1.00 |
|  CLK100MHZ_IBUF_BUFG          | nolabel_line90/CE                             | nolabel_line120/nolabel_line32/U0/i_synth/i_baseblox.i_baseblox_counter/clear_count__0 |                1 |              4 |         4.00 |
|  CLK100MHZ_IBUF_BUFG          | nolabel_line90/E[0]                           | nolabel_line90/SR[0]                                                                   |                3 |              4 |         1.33 |
|  CLK100MHZ_IBUF_BUFG          | nolabel_line90/get_apple_reg[0]               | nolabel_line120/nolabel_line31/U0/i_synth/i_baseblox.i_baseblox_counter/clear_count__0 |                1 |              4 |         4.00 |
|  CLK100MHZ_IBUF_BUFG          | nolabel_line120/CE0                           | nolabel_line120/nolabel_line34/U0/i_synth/i_baseblox.i_baseblox_counter/clear_count__0 |                2 |              4 |         2.00 |
|  CLK100MHZ_IBUF_BUFG          | nolabel_line120/p_2_in                        | nolabel_line120/nolabel_line33/U0/i_synth/i_baseblox.i_baseblox_counter/clear_count__0 |                1 |              4 |         4.00 |
|  nolabel_line57/inst/clk_out1 | nolabel_line59/nolabel_line47/x_counter_max   |                                                                                        |                2 |              4 |         2.00 |
|  nolabel_line57/inst/clk_out1 |                                               | nolabel_line59/nolabel_line47/SR[0]                                                    |                4 |              5 |         1.25 |
|  CLK100MHZ_IBUF_BUFG          | nolabel_line90/game_status_reg[1]_3[0]        | nolabel_line90/SR[0]                                                                   |                2 |              6 |         3.00 |
|  CLK100MHZ_IBUF_BUFG          | nolabel_line90/game_status_reg[1]_4[0]        | nolabel_line90/SR[0]                                                                   |                3 |              6 |         2.00 |
|  nolabel_line57/inst/clk_out1 | nolabel_line59/nolabel_line47/x_counter_max   | nolabel_line59/nolabel_line47/y_counter[10]_i_1_n_0                                    |                3 |              7 |         2.33 |
|  CLK100MHZ_IBUF_BUFG          |                                               |                                                                                        |                8 |             11 |         1.38 |
|  CLK100MHZ_IBUF_BUFG          | nolabel_line90/get_apple_reg[0]               | nolabel_line90/SR[0]                                                                   |                3 |             11 |         3.67 |
|  CLK100MHZ_IBUF_BUFG          | nolabel_line90/game_status_reg[1]_0           | nolabel_line90/SR[0]                                                                   |                3 |             12 |         4.00 |
|  nolabel_line57/inst/clk_out1 |                                               | nolabel_line59/nolabel_line47/x_counter_max                                            |                3 |             12 |         4.00 |
|  CLK100MHZ_IBUF_BUFG          |                                               | nolabel_line90/SR[0]                                                                   |                4 |             13 |         3.25 |
|  CLK100MHZ_IBUF_BUFG          | nolabel_line120/nolabel_line37/seg[6]_i_1_n_0 | leds_OBUF[0]                                                                           |                4 |             15 |         3.75 |
|  CLK100MHZ_IBUF_BUFG          | nolabel_line120/nolabel_line37/high_score_0   | leds_OBUF[0]                                                                           |                6 |             16 |         2.67 |
|  CLK100MHZ_IBUF_BUFG          |                                               | leds_OBUF[0]                                                                           |                5 |             20 |         4.00 |
|  CLK100MHZ_IBUF_BUFG          | nolabel_line130/tone_select[0]                | nolabel_line130/apple_count                                                            |                6 |             24 |         4.00 |
|  CLK100MHZ_IBUF_BUFG          |                                               | nolabel_line72/clear                                                                   |                7 |             26 |         3.71 |
|  CLK100MHZ_IBUF_BUFG          | nolabel_line90/E[0]                           | nolabel_line90/game_status_reg[1]_0                                                    |                7 |             26 |         3.71 |
|  CLK100MHZ_IBUF_BUFG          |                                               | nolabel_line130/hz_count[0]_i_1_n_0                                                    |                7 |             27 |         3.86 |
|  CLK100MHZ_IBUF_BUFG          | nolabel_line90/game_status_reg[1]_2[0]        | nolabel_line90/count_two[27]_i_1_n_0                                                   |                8 |             28 |         3.50 |
|  CLK100MHZ_IBUF_BUFG          | nolabel_line72/snake_piece_is_display0        | nolabel_line90/game_status_reg[1]_1[0]                                                 |               17 |             30 |         1.76 |
|  CLK100MHZ_IBUF_BUFG          | nolabel_line90/game_status_reg[0]_1           | nolabel_line90/count[29]_i_1_n_0                                                       |                9 |             30 |         3.33 |
|  CLK100MHZ_IBUF_BUFG          | nolabel_line90/E[0]                           |                                                                                        |               15 |             33 |         2.20 |
|  CLK100MHZ_IBUF_BUFG          | nolabel_line90/game_status_reg[1]_0           |                                                                                        |               82 |            360 |         4.39 |
+-------------------------------+-----------------------------------------------+----------------------------------------------------------------------------------------+------------------+----------------+--------------+


